La génération a démarré 22/01/2016 17:01:13.
     1>Projet "C:\Users\Bastien\Documents\GitHub\partageable2\partageable\Composant1\Composant1.vcxproj" sur le nœud 2 (build cible(s)).
     1>InitializeBuildStatus:
         Mise à jour de l'horodatage "Debug\Composant1.unsuccessfulbuild".
       ClCompile:
         C:\Program Files\Microsoft Visual Studio 10.0\VC\bin\CL.exe /c /IC:\Users\Bastien\Documents\GitHub\partageable2\partageable\Interfaces /ZI /nologo /W3 /WX- /Od /Oy- /D COMPOSANT1_EXPORTS /D WIN32 /D _WINDOWS /D _DEBUG /D _USRDLL /D _WINDLL /D _UNICODE /D UNICODE /D _AFXDLL /Gm /EHsc /RTC1 /MDd /GS /fp:precise /Zc:wchar_t /Zc:forScope /Fo"Debug\\" /Fd"Debug\vc100.pdb" /Gd /TP /analyze- /errorReport:prompt Composant1.cpp
         Composant1.cpp
     1>c:\users\bastien\documents\github\partageable2\partageable\composant1\composant1.cpp(28): warning C4996: 'strcpy': This function or variable may be unsafe. Consider using strcpy_s instead. To disable deprecation, use _CRT_SECURE_NO_WARNINGS. See online help for details.
                 c:\program files\microsoft visual studio 10.0\vc\include\string.h(105) : voir la déclaration de 'strcpy'
     1>c:\users\bastien\documents\github\partageable2\partageable\composant1\composant1.cpp(29): warning C4996: 'strcat': This function or variable may be unsafe. Consider using strcat_s instead. To disable deprecation, use _CRT_SECURE_NO_WARNINGS. See online help for details.
                 c:\program files\microsoft visual studio 10.0\vc\include\string.h(110) : voir la déclaration de 'strcat'
     1>c:\users\bastien\documents\github\partageable2\partageable\composant1\composant1.cpp(30): warning C4996: 'strcat': This function or variable may be unsafe. Consider using strcat_s instead. To disable deprecation, use _CRT_SECURE_NO_WARNINGS. See online help for details.
                 c:\program files\microsoft visual studio 10.0\vc\include\string.h(110) : voir la déclaration de 'strcat'
     1>c:\users\bastien\documents\github\partageable2\partageable\composant1\composant1.cpp(31): warning C4996: 'strcat': This function or variable may be unsafe. Consider using strcat_s instead. To disable deprecation, use _CRT_SECURE_NO_WARNINGS. See online help for details.
                 c:\program files\microsoft visual studio 10.0\vc\include\string.h(110) : voir la déclaration de 'strcat'
       ResourceCompile:
         Toutes les sorties sont à jour.
       ManifestResourceCompile:
         Toutes les sorties sont à jour.
       Link:
         C:\Program Files\Microsoft Visual Studio 10.0\VC\bin\link.exe /ERRORREPORT:PROMPT /OUT:"C:\Users\Bastien\Documents\GitHub\partageable2\partageable\Debug\Composant1.dll" /INCREMENTAL /NOLOGO /DEF:".\Composant1.def" /MANIFEST /ManifestFile:"Debug\Composant1.dll.intermediate.manifest" /MANIFESTUAC:"level='asInvoker' uiAccess='false'" /DEBUG /PDB:"C:\Users\Bastien\Documents\GitHub\partageable2\partageable\Debug\Composant1.pdb" /SUBSYSTEM:WINDOWS /TLBID:1 /DYNAMICBASE /NXCOMPAT /IMPLIB:"C:\Users\Bastien\Documents\GitHub\partageable2\partageable\Debug\Composant1.lib" /MACHINE:X86 /DLL Debug\Resource.res
         Debug\Composant1.dll.embed.manifest.res
         Debug\Composant1.obj
         C:\Users\Bastien\Documents\GitHub\partageable2\partageable\Debug\Composant3.lib
            Création de la bibliothèque C:\Users\Bastien\Documents\GitHub\partageable2\partageable\Debug\Composant1.lib et de l'objet C:\Users\Bastien\Documents\GitHub\partageable2\partageable\Debug\Composant1.exp
       Manifest:
         C:\Program Files\Microsoft SDKs\Windows\v7.0A\bin\mt.exe /nologo /verbose /out:"Debug\Composant1.dll.embed.manifest" /manifest Debug\Composant1.dll.intermediate.manifest "C:\Program Files\Microsoft Visual Studio 10.0\VC\Include\Manifest\dpiaware.manifest"
         Toutes les sorties sont à jour.
       LinkEmbedManifest:
         Toutes les sorties sont à jour.
         Composant1.vcxproj -> C:\Users\Bastien\Documents\GitHub\partageable2\partageable\Debug\Composant1.dll
       FinalizeBuildStatus:
         Suppression du fichier "Debug\Composant1.unsuccessfulbuild".
         Mise à jour de l'horodatage "Debug\Composant1.lastbuildstate".
     1>Génération du projet "C:\Users\Bastien\Documents\GitHub\partageable2\partageable\Composant1\Composant1.vcxproj" terminée (build cible(s)).

La génération a réussi.

Temps écoulé 00:00:02.83
